Create Account - Sat Nov 08 14:50:52 2025
Create Account - Sat Nov 08 15:00:43 2025
Create Account - Sat Nov 08 15:25:23 2025
Create Account - Sat Nov 08 15:28:11 2025
Delete Bank Account - Sat Nov 08 15:37:15 2025
Exit - Sat Nov 08 15:37:37 2025
Create Account - Sat Nov 08 15:42:16 2025
Create Account - Sat Nov 08 15:42:32 2025
Exit - Sat Nov 08 15:42:40 2025
Delete Bank Account - Sat Nov 08 15:45:02 2025
Exit - Sat Nov 08 15:48:40 2025
Create Account - Sat Nov 08 15:48:49 2025
Create Account - Sat Nov 08 15:49:19 2025
Delete Bank Account - Sat Nov 08 15:49:34 2025
Exit - Sat Nov 08 15:50:48 2025
Delete Bank Account - Sat Nov 08 15:50:49 2025
Exit - Sat Nov 08 15:56:17 2025
Create Account - Sat Nov 08 15:57:17 2025
Create Account - Sat Nov 08 15:57:40 2025
Exit - Sat Nov 08 15:57:44 2025
Create Account - Sat Nov 08 15:58:19 2025
Create Account - Sat Nov 08 15:58:35 2025
Delete Bank Account - Sat Nov 08 15:58:44 2025
Exit - Sat Nov 08 15:59:19 2025
Delete Bank Account - Sat Nov 08 16:01:45 2025
Delete Bank Account - Sat Nov 08 16:03:41 2025
Delete Bank Account - Sat Nov 08 16:05:12 2025
Delete Bank Account - Sat Nov 08 16:18:56 2025
Delete Bank Account - Sat Nov 08 16:22:58 2025
Delete Bank Account - Sat Nov 08 16:23:22 2025
Delete Bank Account - Sat Nov 08 16:23:33 2025
Delete Bank Account - Sat Nov 08 16:27:55 2025
Delete Account - Sat Nov 08 16:28:02 2025
Delete Bank Account - Sat Nov 08 16:28:15 2025
Create Account - Sat Nov 08 16:28:58 2025
Create Account - Sat Nov 08 16:29:14 2025
Delete Bank Account - Sat Nov 08 16:29:20 2025
Exit - Mon Nov 10 21:30:10 2025
Exit - Mon Nov 10 21:30:34 2025
Exit - Mon Nov 10 21:30:51 2025
Delete Bank Account - Mon Nov 10 21:40:54 2025
Exit - Mon Nov 10 21:41:40 2025
Delete Bank Account - Mon Nov 10 21:53:19 2025
Exit - Mon Nov 10 21:53:30 2025
Delete Bank Account - Mon Nov 10 22:34:21 2025
Delete Bank Account - Mon Nov 10 22:37:43 2025
Delete Bank Account - Mon Nov 10 22:56:45 2025
Delete Bank Account - Mon Nov 10 22:56:53 2025
Create Account - Mon Nov 10 22:56:59 2025
Create Account - Mon Nov 10 22:57:16 2025
Delete Bank Account - Mon Nov 10 22:57:21 2025
Delete Account - Mon Nov 10 22:57:30 2025
Deposit - Tue Nov 11 21:57:57 2025
Exit - Tue Nov 11 21:58:43 2025
Deposit - Tue Nov 11 21:58:54 2025
Deposit - Tue Nov 11 21:59:02 2025
Deposit - Tue Nov 11 21:59:09 2025
Exit - Tue Nov 11 22:10:32 2025
Create Account - Tue Nov 11 22:10:50 2025
Deposit - Tue Nov 11 22:11:13 2025
Deposit - Tue Nov 11 22:11:42 2025
Exit - Tue Nov 11 23:09:40 2025
Deposit - Wed Nov 12 22:14:58 2025
Withdrawal - Wed Nov 12 22:15:14 2025
Deposit - Wed Nov 12 22:15:26 2025
Deposit - Wed Nov 12 22:15:33 2025
Exit - Wed Nov 12 22:16:01 2025
Deposit - Wed Nov 12 22:16:10 2025
Deposit - Wed Nov 12 22:16:15 2025
Exit - Wed Nov 12 22:22:08 2025
Withdrawal - Wed Nov 12 22:36:59 2025
Withdrawal - Wed Nov 12 22:37:39 2025
Withdrawal - Wed Nov 12 22:37:57 2025
Withdrawal - Wed Nov 12 22:38:04 2025
Exit - Wed Nov 12 22:38:17 2025
Withdrawal - Wed Nov 12 22:38:26 2025
Withdrawal - Wed Nov 12 22:38:33 2025
Exit - Wed Nov 12 22:38:36 2025
Withdrawal - Wed Nov 12 22:42:00 2025
Withdrawal - Wed Nov 12 22:42:13 2025
Withdrawal - Wed Nov 12 22:42:31 2025
Withdrawal - Wed Nov 12 22:42:41 2025
Withdrawal - Wed Nov 12 22:51:21 2025
Withdrawal - Wed Nov 12 22:51:28 2025
Deposit - Wed Nov 12 22:51:34 2025
Deposit - Wed Nov 12 22:51:46 2025
Exit - Wed Nov 12 22:51:50 2025
Exit - Fri Nov 21 21:56:50 2025
Remittance - Sat Nov 22 15:35:25 2025
Exit - Sat Nov 22 15:36:23 2025
Remittance - Sat Nov 22 15:36:33 2025
Exit - Sat Nov 22 15:37:00 2025
Remittance - Sat Nov 22 15:37:12 2025
Exit - Sat Nov 22 15:38:37 2025
Remittance - Sat Nov 22 15:38:50 2025
Remittance - Sat Nov 22 15:39:01 2025
Remittance - Sat Nov 22 15:39:27 2025
Exit - Sat Nov 22 15:42:06 2025
Remittance - Sat Nov 22 15:42:12 2025
Remittance - Sat Nov 22 15:42:27 2025
Remittance - Sat Nov 22 15:42:33 2025
Create Account - Sat Nov 22 15:49:16 2025
Create Account - Sat Nov 22 15:50:16 2025
Exit - Sat Nov 22 15:50:20 2025
Create Account - Sat Nov 22 15:50:53 2025
Exit - Sat Nov 22 15:51:47 2025
Create Account - Sat Nov 22 15:51:57 2025
Create Account - Sat Nov 22 15:52:09 2025
Exit - Sat Nov 22 15:52:21 2025
Remittance - Sat Nov 22 15:52:26 2025
Remittance - Sat Nov 22 15:53:03 2025
Remittance - Sat Nov 22 15:53:10 2025
Remittance - Sat Nov 22 15:53:25 2025
Remittance - Sat Nov 22 15:53:38 2025
Remittance - Sat Nov 22 15:53:46 2025
Remittance - Sat Nov 22 15:56:35 2025
Remittance - Sat Nov 22 15:56:41 2025
Exit - Sat Nov 22 15:59:19 2025
Remittance - Sat Nov 22 15:59:30 2025
Remittance - Sat Nov 22 15:59:36 2025
Exit - Sat Nov 22 16:01:12 2025
Create Account - Sat Nov 22 16:01:20 2025
Create Account - Sat Nov 22 16:01:37 2025
Exit - Sat Nov 22 16:04:00 2025
Create Account - Sat Nov 22 16:04:38 2025
Create Account - Sat Nov 22 16:05:29 2025
Create Account - Sat Nov 22 16:05:45 2025
Create Account - Sat Nov 22 16:06:02 2025
Create Account - Sat Nov 22 16:06:13 2025
Exit - Sat Nov 22 16:11:39 2025
Create Account - Sat Nov 22 16:12:38 2025
Create Account - Sat Nov 22 16:12:58 2025
Exit - Sat Nov 22 16:13:35 2025
Create Account - Sat Nov 22 16:14:55 2025
Create Account - Sat Nov 22 16:15:06 2025
Delete Bank Account - Sat Nov 22 16:15:23 2025
Delete Account - Sat Nov 22 16:15:57 2025
Create Account - Sat Nov 22 16:16:57 2025
Exit - Sat Nov 22 16:17:02 2025
Create Account - Sat Nov 22 16:17:12 2025
Create Account - Sat Nov 22 16:17:35 2025
Exit - Sat Nov 22 16:19:15 2025
Create Account - Sat Nov 22 16:19:41 2025
Account Created Successfully - Sat Nov 22 16:20:03 2025
Deposit - Sat Nov 22 16:20:13 2025
Deposit Successful - Sat Nov 22 16:20:35 2025
Remittance - Sat Nov 22 16:20:49 2025
Remittance - Sat Nov 22 16:21:15 2025
Remittance Successful - Sat Nov 22 16:21:32 2025
Withdrawal - Sat Nov 22 16:21:44 2025
Withdrawal Successful - Sat Nov 22 16:21:57 2025
Deposit - Sat Nov 22 16:22:12 2025
Delete Bank Account - Sat Nov 22 16:22:42 2025
Exit - Sat Nov 22 16:23:47 2025
Delete Bank Account - Sat Nov 22 16:23:59 2025
Exit - Sat Nov 22 16:24:10 2025
Delete Bank Account - Sat Nov 22 16:24:14 2025
Account Deleted Successfully - Sat Nov 22 16:24:22 2025
Exit - Sat Nov 22 16:24:51 2025
Delete Bank Account - Sat Nov 22 16:24:57 2025
Account Deleted Successfully - Sat Nov 22 16:25:09 2025
Exit - Sat Nov 22 16:25:21 2025
Create Account - Thu Nov 27 23:16:37 2025
Delete Account - Thu Nov 27 23:17:35 2025
Exit - Thu Nov 27 23:21:20 2025
Create Account - Thu Nov 27 23:26:53 2025
Exit - Thu Nov 27 23:27:09 2025
Create Account - Fri Nov 28 12:12:17 2025
Account Created Successfully - Fri Nov 28 12:12:36 2025
Create Account - Fri Nov 28 12:13:36 2025
Exit - Fri Nov 28 12:13:57 2025
Exit - Fri Nov 28 12:14:00 2025
Create Account - Fri Nov 28 12:15:33 2025
Exit - Fri Nov 28 12:16:05 2025
Exit - Fri Nov 28 12:16:08 2025
Deposit - Fri Nov 28 12:23:40 2025
Exit - Fri Nov 28 15:06:02 2025
Exit - Fri Nov 28 15:06:55 2025
Exit - Fri Nov 28 15:07:32 2025
